2023-02-12 21:56:23.955 [info] Log level: Info
2023-02-12 21:56:23.955 [info] Validating found git in: "git"
2023-02-12 21:56:23.955 [info] Using git "2.25.1" from "git"
2023-02-12 21:56:23.955 [info] > git rev-parse --show-toplevel [7ms]
2023-02-12 21:56:23.955 [info] > git rev-parse --git-dir --git-common-dir [6ms]
2023-02-12 21:56:23.955 [info] Open repository: /home/abishaghimire
2023-02-12 21:56:23.955 [info] > git rev-parse --show-toplevel [23ms]
2023-02-12 21:56:23.955 [info] > git rev-parse --show-toplevel [6ms]
2023-02-12 21:56:23.955 [info] > git config --get commit.template [30ms]
2023-02-12 21:56:23.956 [info] > git rev-parse --show-toplevel [3ms]
2023-02-12 21:56:23.967 [info] > git for-each-ref --format=%(refname)%00%(upstream:short)%00%(objectname)%00%(upstream:track)%00%(upstream:remotename)%00%(upstream:remoteref) refs/heads/main refs/remotes/main [4ms]
2023-02-12 21:56:23.976 [info] > git rev-parse --show-toplevel [18ms]
2023-02-12 21:56:23.981 [info] > git rev-parse --show-toplevel [1ms]
2023-02-12 21:56:23.985 [info] > git for-each-ref --sort -committerdate --format %(refname) %(objectname) %(*objectname) [10ms]
2023-02-12 21:56:23.992 [info] > git status -z -uall [21ms]
2023-02-12 21:56:24.671 [info] > git config --get commit.template [49ms]
2023-02-12 21:56:24.674 [info] > git check-ignore -v -z --stdin [10ms]
2023-02-12 21:56:24.682 [info] > git for-each-ref --format=%(refname)%00%(upstream:short)%00%(objectname)%00%(upstream:track)%00%(upstream:remotename)%00%(upstream:remoteref) refs/heads/main refs/remotes/main [1ms]
2023-02-12 21:56:24.699 [info] > git for-each-ref --sort -committerdate --format %(refname) %(objectname) %(*objectname) [1ms]
2023-02-12 21:56:24.715 [info] > git status -z -uall [23ms]
2023-02-12 21:56:25.070 [info] > git show --textconv :money.cpp [296ms]
2023-02-12 21:56:25.070 [info] > git ls-files --stage -- /home/abishaghimire/money.cpp [287ms]
2023-02-12 21:56:38.596 [info] > git config --local branch.main.github-pr-owner-number [58ms]
2023-02-12 21:56:38.604 [info] > git config --get commit.template [0ms]
2023-02-12 21:56:38.613 [info] > git for-each-ref --format=%(refname)%00%(upstream:short)%00%(objectname)%00%(upstream:track)%00%(upstream:remotename)%00%(upstream:remoteref) refs/heads/main refs/remotes/main [4ms]
2023-02-12 21:56:38.626 [info] > git for-each-ref --sort -committerdate --format %(refname) %(objectname) %(*objectname) [1ms]
2023-02-12 21:56:38.639 [info] > git status -z -uall [19ms]
2023-02-12 21:56:44.411 [info] > git config --get commit.template [4ms]
2023-02-12 21:56:44.421 [info] > git for-each-ref --format=%(refname)%00%(upstream:short)%00%(objectname)%00%(upstream:track)%00%(upstream:remotename)%00%(upstream:remoteref) refs/heads/main refs/remotes/main [1ms]
2023-02-12 21:56:44.440 [info] > git for-each-ref --sort -committerdate --format %(refname) %(objectname) %(*objectname) [1ms]
2023-02-12 21:56:44.460 [info] > git status -z -uall [30ms]
2023-02-12 21:56:46.624 [info] > git check-ignore -v -z --stdin [2ms]
2023-02-12 21:56:48.369 [info] > git check-ignore -v -z --stdin [1ms]
2023-02-12 21:56:49.527 [info] > git config --get commit.template [1ms]
2023-02-12 21:56:49.534 [info] > git for-each-ref --format=%(refname)%00%(upstream:short)%00%(objectname)%00%(upstream:track)%00%(upstream:remotename)%00%(upstream:remoteref) refs/heads/main refs/remotes/main [0ms]
2023-02-12 21:56:49.551 [info] > git for-each-ref --sort -committerdate --format %(refname) %(objectname) %(*objectname) [1ms]
2023-02-12 21:56:49.565 [info] > git status -z -uall [23ms]
2023-02-12 21:56:50.739 [info] > git show --textconv :workspace.code-workspace [6ms]
2023-02-12 21:56:50.743 [info] > git ls-files --stage -- /home/abishaghimire/workspace.code-workspace [4ms]
2023-02-12 21:56:54.658 [info] > git config --get commit.template [1ms]
2023-02-12 21:56:54.668 [info] > git for-each-ref --format=%(refname)%00%(upstream:short)%00%(objectname)%00%(upstream:track)%00%(upstream:remotename)%00%(upstream:remoteref) refs/heads/main refs/remotes/main [0ms]
2023-02-12 21:56:54.686 [info] > git for-each-ref --sort -committerdate --format %(refname) %(objectname) %(*objectname) [1ms]
2023-02-12 21:56:54.699 [info] > git status -z -uall [24ms]
2023-02-12 22:01:38.028 [info] > git config --local branch.main.github-pr-owner-number [1ms]
2023-02-12 22:01:38.040 [info] > git config --get commit.template [5ms]
2023-02-12 22:01:38.040 [info] > git for-each-ref --format=%(refname)%00%(upstream:short)%00%(objectname)%00%(upstream:track)%00%(upstream:remotename)%00%(upstream:remoteref) refs/heads/main refs/remotes/main [1ms]
2023-02-12 22:01:38.052 [info] > git for-each-ref --sort -committerdate --format %(refname) %(objectname) %(*objectname) [1ms]
2023-02-12 22:01:38.067 [info] > git status -z -uall [22ms]
2023-02-12 22:06:38.129 [info] > git config --local branch.main.github-pr-owner-number [2ms]
2023-02-12 22:06:38.148 [info] > git for-each-ref --format=%(refname)%00%(upstream:short)%00%(objectname)%00%(upstream:track)%00%(upstream:remotename)%00%(upstream:remoteref) refs/heads/main refs/remotes/main [0ms]
2023-02-12 22:06:38.148 [info] > git config --get commit.template [9ms]
2023-02-12 22:06:38.160 [info] > git for-each-ref --sort -committerdate --format %(refname) %(objectname) %(*objectname) [1ms]
2023-02-12 22:06:38.175 [info] > git status -z -uall [21ms]
2023-02-12 22:07:24.386 [info] > git config --get commit.template [2ms]
2023-02-12 22:07:24.395 [info] > git for-each-ref --format=%(refname)%00%(upstream:short)%00%(objectname)%00%(upstream:track)%00%(upstream:remotename)%00%(upstream:remoteref) refs/heads/main refs/remotes/main [1ms]
2023-02-12 22:07:24.409 [info] > git for-each-ref --sort -committerdate --format %(refname) %(objectname) %(*objectname) [1ms]
2023-02-12 22:07:24.425 [info] > git status -z -uall [24ms]
